<?xml version="1.0" encoding="UTF-8"?>
<testng-results skipped="0" failed="0" total="2" passed="2">
  <reporter-output>
  </reporter-output>
  <suite name="Parallel test suite" duration-ms="250242" started-at="2016-11-20T15:35:06Z" finished-at="2016-11-20T15:39:16Z">
    <groups>
    </groups>
    <test name="Regression 1" duration-ms="147755" started-at="2016-11-20T15:35:06Z" finished-at="2016-11-20T15:37:33Z">
      <class name="com.test.GridExampleTest">
        <test-method status="PASS" signature="setUp()[pri:0, instance:com.test.GridExampleTest@6d78f375]" name="setUp" is-config="true" duration-ms="37938" started-at="2016-11-20T21:05:06Z" finished-at="2016-11-20T21:05:44Z">
          <reporter-output>
          </reporter-output>
        </test-method> <!-- setUp -->
        <test-method status="PASS" signature="testGooglePageTitleInIEBrowser()[pri:0, instance:com.test.GridExampleTest@6d78f375]" name="testGooglePageTitleInIEBrowser" duration-ms="108145" started-at="2016-11-20T21:05:44Z" finished-at="2016-11-20T21:07:32Z">
          <reporter-output>
          </reporter-output>
        </test-method> <!-- testGooglePageTitleInIEBrowser -->
        <test-method status="PASS" signature="closeBrowser()[pri:0, instance:com.test.GridExampleTest@6d78f375]" name="closeBrowser" is-config="true" duration-ms="1608" started-at="2016-11-20T21:07:32Z" finished-at="2016-11-20T21:07:33Z">
          <reporter-output>
          </reporter-output>
        </test-method> <!-- closeBrowser -->
      </class> <!-- com.test.GridExampleTest -->
    </test> <!-- Regression 1 -->
    <test name="Regression 2" duration-ms="250242" started-at="2016-11-20T15:35:06Z" finished-at="2016-11-20T15:39:16Z">
      <class name="com.test.GridExampleTest2">
        <test-method status="PASS" signature="setUp()[pri:0, instance:com.test.GridExampleTest2@d2cc05a]" name="setUp" is-config="true" duration-ms="38293" started-at="2016-11-20T21:05:06Z" finished-at="2016-11-20T21:05:44Z">
          <reporter-output>
          </reporter-output>
        </test-method> <!-- setUp -->
        <test-method status="PASS" signature="testGooglePageTitleInIEBrowser()[pri:0, instance:com.test.GridExampleTest2@d2cc05a]" name="testGooglePageTitleInIEBrowser" duration-ms="211007" started-at="2016-11-20T21:05:44Z" finished-at="2016-11-20T21:09:15Z">
          <reporter-output>
          </reporter-output>
        </test-method> <!-- testGooglePageTitleInIEBrowser -->
        <test-method status="PASS" signature="closeBrowser()[pri:0, instance:com.test.GridExampleTest2@d2cc05a]" name="closeBrowser" is-config="true" duration-ms="917" started-at="2016-11-20T21:09:15Z" finished-at="2016-11-20T21:09:16Z">
          <reporter-output>
          </reporter-output>
        </test-method> <!-- closeBrowser -->
      </class> <!-- com.test.GridExampleTest2 -->
    </test> <!-- Regression 2 -->
  </suite> <!-- Parallel test suite -->
</testng-results>
